2023-01-17 08:54:39,460 - 30JulyEcommerce -INFO - Enter user mailL
2023-01-17 08:58:38,882 - 30JulyEcommerce -INFO - Open commerce URL
2023-01-17 08:58:42,186 - 30JulyEcommerce -INFO - Enter user mailL
2023-01-17 08:59:51,752 - 30JulyEcommerce -INFO - Open commerce URL
2023-01-17 08:59:55,045 - 30JulyEcommerce -INFO - Enter user mailL
2023-01-17 08:59:58,168 - 30JulyEcommerce -INFO - Enter User password
2023-01-17 09:00:01,892 - 30JulyEcommerce -INFO - Clicked on longin button
2023-01-18 08:03:56,751 - 30JulyEcommerce -INFO - Open URL
2023-01-18 08:04:00,057 - 30JulyEcommerce -INFO - Enter user mailL
2023-01-18 08:04:03,186 - 30JulyEcommerce -INFO - Enter User password
2023-01-18 08:04:08,129 - 30JulyEcommerce -INFO - Clicked on longin button
2023-01-18 08:04:11,141 - 30JulyEcommerce -INFO - Login successfully
2023-01-18 08:23:00,313 - 30JulyEcommerce -INFO - Open URL
2023-01-18 08:23:03,620 - 30JulyEcommerce -INFO - Enter user mailL
2023-01-18 08:23:06,749 - 30JulyEcommerce -INFO - Enter User password
2023-01-18 08:23:11,194 - 30JulyEcommerce -INFO - Clicked on longin button
2023-01-18 08:24:43,506 - 30JulyEcommerce -INFO - Open URL
2023-01-18 08:24:46,816 - 30JulyEcommerce -INFO - Enter user mailL
2023-01-18 08:24:49,942 - 30JulyEcommerce -INFO - Enter User password
2023-01-18 08:24:54,395 - 30JulyEcommerce -INFO - Clicked on longin button
2023-01-18 08:28:09,942 - 30JulyEcommerce -INFO - Open URL
2023-01-18 08:28:13,239 - 30JulyEcommerce -INFO - Enter user mailL
2023-01-18 08:28:16,370 - 30JulyEcommerce -INFO - Enter User password
2023-01-18 08:28:20,805 - 30JulyEcommerce -INFO - Clicked on longin button
2023-01-18 08:33:18,789 - 30JulyEcommerce -INFO - Open URL
2023-01-18 08:33:22,081 - 30JulyEcommerce -INFO - Enter user mailL
2023-01-18 08:33:25,201 - 30JulyEcommerce -INFO - Enter User password
2023-01-18 08:33:29,628 - 30JulyEcommerce -INFO - Clicked on longin button
2023-01-18 08:36:38,032 - 30JulyEcommerce -INFO - Open URL
2023-01-18 08:36:41,343 - 30JulyEcommerce -INFO - Enter user mailL
2023-01-18 08:36:44,471 - 30JulyEcommerce -INFO - Enter User password
2023-01-18 08:36:48,898 - 30JulyEcommerce -INFO - Clicked on longin button
2023-01-18 08:40:14,572 - 30JulyEcommerce -INFO - Open URL
2023-01-18 08:40:17,856 - 30JulyEcommerce -INFO - Enter user mailL
2023-01-18 08:40:20,984 - 30JulyEcommerce -INFO - Enter User password
2023-01-18 08:40:25,454 - 30JulyEcommerce -INFO - Clicked on longin button
2023-01-18 08:43:35,992 - 30JulyEcommerce -INFO - Open URL
2023-01-18 08:43:39,324 - 30JulyEcommerce -INFO - Enter user mailL
2023-01-18 08:43:42,449 - 30JulyEcommerce -INFO - Enter User password
2023-01-18 08:43:46,891 - 30JulyEcommerce -INFO - Clicked on longin button
2023-01-18 09:13:13,975 - 30JulyEcommerce -INFO - Open URL
2023-01-18 09:13:17,283 - 30JulyEcommerce -INFO - Enter user mailL
2023-01-18 09:13:20,406 - 30JulyEcommerce -INFO - Enter User password
2023-01-18 09:13:24,936 - 30JulyEcommerce -INFO - Clicked on longin button
2023-01-18 09:14:35,031 - 30JulyEcommerce -INFO - Open URL
2023-01-18 09:14:38,314 - 30JulyEcommerce -INFO - Enter user mailL
2023-01-18 09:14:41,438 - 30JulyEcommerce -INFO - Enter User password
2023-01-18 09:14:45,916 - 30JulyEcommerce -INFO - Clicked on longin button
2023-01-18 09:15:22,838 - 30JulyEcommerce -INFO - Open URL
2023-01-18 09:15:26,108 - 30JulyEcommerce -INFO - Enter user mailL
2023-01-18 09:15:29,248 - 30JulyEcommerce -INFO - Enter User password
2023-01-18 09:15:33,659 - 30JulyEcommerce -INFO - Clicked on longin button
2023-01-18 19:32:13,070 - 30JulyEcommerce -INFO - Open URL
2023-01-18 19:32:16,469 - 30JulyEcommerce -INFO - Enter user mailL
2023-01-18 19:32:19,646 - 30JulyEcommerce -INFO - Enter User password
2023-01-18 19:32:24,171 - 30JulyEcommerce -INFO - Clicked on longin button
2023-01-19 08:25:14,645 - 30JulyEcommerce -INFO - Open URL
2023-01-19 08:25:17,963 - 30JulyEcommerce -INFO - Enter user mailL
2023-01-19 08:25:21,104 - 30JulyEcommerce -INFO - Enter User password
2023-01-19 08:25:24,838 - 30JulyEcommerce -INFO - Clicked on longin button
2023-01-19 08:25:31,779 - 30JulyEcommerce -INFO - Mouseover on computer
2023-01-19 08:27:22,106 - 30JulyEcommerce -INFO - Open URL
2023-01-19 08:27:25,408 - 30JulyEcommerce -INFO - Enter user mailL
2023-01-19 08:27:28,552 - 30JulyEcommerce -INFO - Enter User password
2023-01-19 08:27:32,775 - 30JulyEcommerce -INFO - Clicked on longin button
2023-01-19 08:27:35,971 - 30JulyEcommerce -INFO - Mouseover on computer
2023-01-19 08:27:36,599 - 30JulyEcommerce -INFO - Clicked on NotebookText
2023-01-19 08:29:49,420 - 30JulyEcommerce -INFO - Open URL
2023-01-19 08:29:52,718 - 30JulyEcommerce -INFO - Enter user mailL
2023-01-19 08:29:55,864 - 30JulyEcommerce -INFO - Enter User password
2023-01-19 08:30:00,761 - 30JulyEcommerce -INFO - Clicked on longin button
2023-01-19 08:30:03,927 - 30JulyEcommerce -INFO - Mouseover on computer
2023-01-19 08:30:04,787 - 30JulyEcommerce -INFO - Clicked on NotebookText
2023-01-19 08:30:06,641 - 30JulyEcommerce -INFO - Product selected
2023-01-19 08:30:06,722 - 30JulyEcommerce -INFO - Add to cart
2023-01-19 08:30:07,080 - 30JulyEcommerce -INFO - Verified message
2023-01-19 08:30:07,143 - 30JulyEcommerce -INFO - Clciked on close Tab
2023-01-19 09:00:23,233 - 30JulyEcommerce -INFO - Open URL
2023-01-19 09:00:26,538 - 30JulyEcommerce -INFO - Enter user mailL
2023-01-19 09:00:29,694 - 30JulyEcommerce -INFO - Enter User password
2023-01-19 09:00:34,641 - 30JulyEcommerce -INFO - Clicked on longin button
2023-01-19 09:00:46,074 - 30JulyEcommerce -INFO - Open URL
2023-01-19 09:00:49,305 - 30JulyEcommerce -INFO - Enter user mailL
2023-01-19 09:00:52,420 - 30JulyEcommerce -INFO - Enter User password
2023-01-19 09:00:56,591 - 30JulyEcommerce -INFO - Clicked on longin button
2023-01-19 09:00:59,764 - 30JulyEcommerce -INFO - Mouseover on computer
2023-01-19 09:01:00,669 - 30JulyEcommerce -INFO - Clicked on NotebookText
2023-01-19 09:01:01,865 - 30JulyEcommerce -INFO - Product selected
2023-01-19 09:01:01,932 - 30JulyEcommerce -INFO - Add to cart
2023-01-19 09:01:02,750 - 30JulyEcommerce -INFO - Verified message
2023-01-19 09:01:02,805 - 30JulyEcommerce -INFO - Clciked on close Tab
2023-01-20 08:14:44,695 - 30JulyEcommerce -INFO - User created
2023-01-20 09:24:17,959 - 30JulyEcommerce -INFO - Open URL
2023-01-20 09:24:21,280 - 30JulyEcommerce -INFO - Enter user mailL
2023-01-20 09:24:24,424 - 30JulyEcommerce -INFO - Enter User password
2023-01-20 09:24:28,931 - 30JulyEcommerce -INFO - Clicked on longin button
2023-01-20 09:24:36,884 - 30JulyEcommerce -INFO - Open URL
2023-01-20 09:24:40,097 - 30JulyEcommerce -INFO - Enter user mailL
2023-01-20 09:24:43,229 - 30JulyEcommerce -INFO - Enter User password
2023-01-20 09:24:47,642 - 30JulyEcommerce -INFO - Clicked on longin button
2023-01-20 09:24:56,960 - 30JulyEcommerce -INFO - Open URL
2023-01-20 09:25:00,183 - 30JulyEcommerce -INFO - Enter user mailL
2023-01-20 09:25:03,326 - 30JulyEcommerce -INFO - Enter User password
2023-01-20 09:25:06,996 - 30JulyEcommerce -INFO - Clicked on longin button
2023-01-20 09:25:12,983 - 30JulyEcommerce -INFO - Open URL
2023-01-20 09:25:16,202 - 30JulyEcommerce -INFO - Enter user mailL
2023-01-20 09:25:19,355 - 30JulyEcommerce -INFO - Enter User password
2023-01-20 09:25:23,780 - 30JulyEcommerce -INFO - Clicked on longin button
2023-01-20 09:25:31,980 - 30JulyEcommerce -INFO - Open URL
2023-01-20 09:25:35,195 - 30JulyEcommerce -INFO - Enter user mailL
2023-01-20 09:25:38,325 - 30JulyEcommerce -INFO - Enter User password
2023-01-20 09:25:42,094 - 30JulyEcommerce -INFO - Clicked on longin button
2023-01-21 21:01:06,066 - 30JulyEcommerce -INFO - User created
2023-01-21 21:02:22,273 - 30JulyEcommerce -INFO - Open URL
2023-01-21 21:02:25,694 - 30JulyEcommerce -INFO - Enter user mail
2023-01-21 21:02:28,806 - 30JulyEcommerce -INFO - Enter User password
2023-01-21 21:02:33,072 - 30JulyEcommerce -INFO - Clicked on longin button
2023-01-21 21:02:40,036 - 30JulyEcommerce -INFO - Open URL
2023-01-21 21:02:43,444 - 30JulyEcommerce -INFO - Enter user mail
2023-01-21 21:02:46,561 - 30JulyEcommerce -INFO - Enter User password
2023-01-21 21:02:50,079 - 30JulyEcommerce -INFO - Clicked on longin button
2023-01-21 21:02:55,481 - 30JulyEcommerce -INFO - Open URL
2023-01-21 21:02:58,583 - 30JulyEcommerce -INFO - Enter user mail
2023-01-21 21:03:01,673 - 30JulyEcommerce -INFO - Enter User password
2023-01-21 21:03:05,213 - 30JulyEcommerce -INFO - Clicked on longin button
2023-01-21 21:03:10,140 - 30JulyEcommerce -INFO - Open URL
2023-01-21 21:03:13,669 - 30JulyEcommerce -INFO - Enter user mail
2023-01-21 21:03:16,780 - 30JulyEcommerce -INFO - Enter User password
2023-01-21 21:03:21,028 - 30JulyEcommerce -INFO - Clicked on longin button
2023-01-21 21:03:26,787 - 30JulyEcommerce -INFO - Open URL
2023-01-21 21:03:29,888 - 30JulyEcommerce -INFO - Enter user mail
2023-01-21 21:03:32,993 - 30JulyEcommerce -INFO - Enter User password
2023-01-21 21:03:36,624 - 30JulyEcommerce -INFO - Clicked on longin button
2023-01-22 17:04:59,419 - 30JulyEcommerce -INFO - User created
2023-01-22 17:05:33,616 - 30JulyEcommerce -INFO - Open URL
2023-01-22 17:05:38,250 - 30JulyEcommerce -INFO - Enter user mail
2023-01-22 17:05:41,357 - 30JulyEcommerce -INFO - Enter User password
2023-01-22 17:05:45,871 - 30JulyEcommerce -INFO - Clicked on longin button
2023-01-22 17:05:52,931 - 30JulyEcommerce -INFO - Open URL
2023-01-22 17:05:56,063 - 30JulyEcommerce -INFO - Enter user mail
2023-01-22 17:05:59,182 - 30JulyEcommerce -INFO - Enter User password
2023-01-22 17:06:02,711 - 30JulyEcommerce -INFO - Clicked on longin button
2023-01-22 17:06:08,510 - 30JulyEcommerce -INFO - Open URL
2023-01-22 17:06:11,870 - 30JulyEcommerce -INFO - Enter user mail
2023-01-22 17:06:14,974 - 30JulyEcommerce -INFO - Enter User password
2023-01-22 17:06:19,196 - 30JulyEcommerce -INFO - Clicked on longin button
2023-01-22 17:06:24,226 - 30JulyEcommerce -INFO - Open URL
2023-01-22 17:06:27,421 - 30JulyEcommerce -INFO - Enter user mail
2023-01-22 17:06:30,525 - 30JulyEcommerce -INFO - Enter User password
2023-01-22 17:06:34,822 - 30JulyEcommerce -INFO - Clicked on longin button
2023-01-22 17:06:40,596 - 30JulyEcommerce -INFO - Open URL
2023-01-22 17:06:43,693 - 30JulyEcommerce -INFO - Enter user mail
2023-01-22 17:06:46,794 - 30JulyEcommerce -INFO - Enter User password
2023-01-22 17:06:51,030 - 30JulyEcommerce -INFO - Clicked on longin button
